0 info it worked if it ends with ok
1 verbose cli [ '/usr/local/bin/node', '/usr/local/bin/npm', 'install', 'ruby' ]
2 info using npm@3.10.10
3 info using node@v6.11.0
4 silly loadCurrentTree Starting
5 silly install loadCurrentTree
6 silly install readLocalPackageData
7 silly fetchPackageMetaData ruby
8 silly fetchNamedPackageData ruby
9 silly mapToRegistry name ruby
10 silly mapToRegistry using default registry
11 silly mapToRegistry registry https://registry.npmjs.org/
12 silly mapToRegistry data Result {
12 silly mapToRegistry   raw: 'ruby',
12 silly mapToRegistry   scope: null,
12 silly mapToRegistry   escapedName: 'ruby',
12 silly mapToRegistry   name: 'ruby',
12 silly mapToRegistry   rawSpec: '',
12 silly mapToRegistry   spec: 'latest',
12 silly mapToRegistry   type: 'tag' }
13 silly mapToRegistry uri https://registry.npmjs.org/ruby
14 verbose request uri https://registry.npmjs.org/ruby
15 verbose request no auth needed
16 info attempt registry request try #1 at 1:02:24 PM
17 verbose request id 6da6d8bc22ea72d5
18 http request GET https://registry.npmjs.org/ruby
19 http 200 https://registry.npmjs.org/ruby
20 verbose headers { 'content-type': 'application/json; charset=UTF-8',
20 verbose headers   server: 'UploadServer',
20 verbose headers   'cache-control': 'max-age=300',
20 verbose headers   'last-modified': 'Mon, 23 May 2016 12:49:01 GMT',
20 verbose headers   etag: '"5742fc3d-3f17"',
20 verbose headers   'content-encoding': 'gzip',
20 verbose headers   'content-length': '2238',
20 verbose headers   'accept-ranges': 'bytes',
20 verbose headers   date: 'Thu, 11 Jan 2018 12:02:24 GMT',
20 verbose headers   via: '1.1 varnish',
20 verbose headers   age: '12061',
20 verbose headers   connection: 'keep-alive',
20 verbose headers   'x-served-by': 'cache-fra19146-FRA',
20 verbose headers   'x-cache': 'HIT',
20 verbose headers   'x-cache-hits': '1',
20 verbose headers   'x-timer': 'S1515672144.304459,VS0,VE1',
20 verbose headers   vary: 'Accept-Encoding, Accept' }
21 silly get cb [ 200,
21 silly get   { 'content-type': 'application/json; charset=UTF-8',
21 silly get     server: 'UploadServer',
21 silly get     'cache-control': 'max-age=300',
21 silly get     'last-modified': 'Mon, 23 May 2016 12:49:01 GMT',
21 silly get     etag: '"5742fc3d-3f17"',
21 silly get     'content-encoding': 'gzip',
21 silly get     'content-length': '2238',
21 silly get     'accept-ranges': 'bytes',
21 silly get     date: 'Thu, 11 Jan 2018 12:02:24 GMT',
21 silly get     via: '1.1 varnish',
21 silly get     age: '12061',
21 silly get     connection: 'keep-alive',
21 silly get     'x-served-by': 'cache-fra19146-FRA',
21 silly get     'x-cache': 'HIT',
21 silly get     'x-cache-hits': '1',
21 silly get     'x-timer': 'S1515672144.304459,VS0,VE1',
21 silly get     vary: 'Accept-Encoding, Accept' } ]
22 verbose get saving ruby to /Users/hudaswanditya/.npm/registry.npmjs.org/ruby/.cache.json
23 verbose correctMkdir /Users/hudaswanditya/.npm correctMkdir not in flight; initializing
24 silly install normalizeTree
25 silly loadCurrentTree Finishing
26 silly loadIdealTree Starting
27 silly install loadIdealTree
28 silly cloneCurrentTree Starting
29 silly install cloneCurrentTreeToIdealTree
30 silly cloneCurrentTree Finishing
31 silly loadShrinkwrap Starting
32 silly install loadShrinkwrap
33 silly loadShrinkwrap Finishing
34 silly loadAllDepsIntoIdealTree Starting
35 silly install loadAllDepsIntoIdealTree
36 silly resolveWithNewModule ruby@0.6.1 checking installable status
37 silly cache add args [ 'ruby', null ]
38 verbose cache add spec ruby
39 silly cache add parsed spec Result {
39 silly cache add   raw: 'ruby',
39 silly cache add   scope: null,
39 silly cache add   escapedName: 'ruby',
39 silly cache add   name: 'ruby',
39 silly cache add   rawSpec: '',
39 silly cache add   spec: 'latest',
39 silly cache add   type: 'tag' }
40 silly addNamed ruby@latest
41 verbose addNamed "latest" is being treated as a dist-tag for ruby
42 info addNameTag [ 'ruby', 'latest' ]
43 silly mapToRegistry name ruby
44 silly mapToRegistry using default registry
45 silly mapToRegistry registry https://registry.npmjs.org/
46 silly mapToRegistry data Result {
46 silly mapToRegistry   raw: 'ruby',
46 silly mapToRegistry   scope: null,
46 silly mapToRegistry   escapedName: 'ruby',
46 silly mapToRegistry   name: 'ruby',
46 silly mapToRegistry   rawSpec: '',
46 silly mapToRegistry   spec: 'latest',
46 silly mapToRegistry   type: 'tag' }
47 silly mapToRegistry uri https://registry.npmjs.org/ruby
48 verbose addNameTag registry:https://registry.npmjs.org/ruby not in flight; fetching
49 verbose get https://registry.npmjs.org/ruby not expired, no request
50 silly addNameTag next cb for ruby with tag latest
51 silly addNamed ruby@0.6.1
52 verbose addNamed "0.6.1" is a plain semver version for ruby
53 silly mapToRegistry name ruby
54 silly mapToRegistry using default registry
55 silly mapToRegistry registry https://registry.npmjs.org/
56 silly mapToRegistry data Result {
56 silly mapToRegistry   raw: 'ruby',
56 silly mapToRegistry   scope: null,
56 silly mapToRegistry   escapedName: 'ruby',
56 silly mapToRegistry   name: 'ruby',
56 silly mapToRegistry   rawSpec: '',
56 silly mapToRegistry   spec: 'latest',
56 silly mapToRegistry   type: 'tag' }
57 silly mapToRegistry uri https://registry.npmjs.org/ruby
58 verbose addRemoteTarball https://registry.npmjs.org/ruby/-/ruby-0.6.1.tgz not in flight; adding
59 verbose addRemoteTarball [ 'https://registry.npmjs.org/ruby/-/ruby-0.6.1.tgz',
59 verbose addRemoteTarball   'b3fee5787e4f9c0d5814d6166a5b5dbcfb24ba35' ]
60 info retry fetch attempt 1 at 1:02:24 PM
61 info attempt registry request try #1 at 1:02:24 PM
62 http fetch GET https://registry.npmjs.org/ruby/-/ruby-0.6.1.tgz
63 http fetch 200 https://registry.npmjs.org/ruby/-/ruby-0.6.1.tgz
64 silly fetchAndShaCheck shasum b3fee5787e4f9c0d5814d6166a5b5dbcfb24ba35
65 verbose addTmpTarball /var/folders/6q/13dpqcmj6y97jfv06kppz8h40000gn/T/npm-9685-4b018fbc/registry.npmjs.org/ruby/-/ruby-0.6.1.tgz not in flight; adding
66 verbose addTmpTarball already have metadata; skipping unpack for ruby@0.6.1
67 verbose correctMkdir /Users/hudaswanditya/.npm correctMkdir not in flight; initializing
68 silly cache afterAdd ruby@0.6.1
69 verbose afterAdd /Users/hudaswanditya/.npm/ruby/0.6.1/package/package.json not in flight; writing
70 verbose correctMkdir /Users/hudaswanditya/.npm correctMkdir not in flight; initializing
71 verbose afterAdd /Users/hudaswanditya/.npm/ruby/0.6.1/package/package.json written
72 silly fetchNamedPackageData lodash
73 silly mapToRegistry name lodash
74 silly mapToRegistry using default registry
75 silly mapToRegistry registry https://registry.npmjs.org/
76 silly mapToRegistry data Result {
76 silly mapToRegistry   raw: 'lodash',
76 silly mapToRegistry   scope: null,
76 silly mapToRegistry   escapedName: 'lodash',
76 silly mapToRegistry   name: 'lodash',
76 silly mapToRegistry   rawSpec: '',
76 silly mapToRegistry   spec: 'latest',
76 silly mapToRegistry   type: 'tag' }
77 silly mapToRegistry uri https://registry.npmjs.org/lodash
78 verbose request uri https://registry.npmjs.org/lodash
79 verbose request no auth needed
80 info attempt registry request try #1 at 1:02:24 PM
81 verbose etag "5a2fc5b7-2a6a8"
82 verbose lastModified Tue, 12 Dec 2017 12:04:07 GMT
83 http request GET https://registry.npmjs.org/lodash
84 http 200 https://registry.npmjs.org/lodash
85 verbose headers { 'content-type': 'application/json; charset=UTF-8',
85 verbose headers   server: 'UploadServer',
85 verbose headers   'cache-control': 'max-age=300',
85 verbose headers   'last-modified': 'Wed, 10 Jan 2018 19:01:02 GMT',
85 verbose headers   etag: '"5a5662ee-2aa86"',
85 verbose headers   'content-encoding': 'gzip',
85 verbose headers   'content-length': '19845',
85 verbose headers   'accept-ranges': 'bytes',
85 verbose headers   date: 'Thu, 11 Jan 2018 12:02:24 GMT',
85 verbose headers   via: '1.1 varnish',
85 verbose headers   age: '3675',
85 verbose headers   connection: 'keep-alive',
85 verbose headers   'x-served-by': 'cache-fra19146-FRA',
85 verbose headers   'x-cache': 'HIT',
85 verbose headers   'x-cache-hits': '203',
85 verbose headers   'x-timer': 'S1515672145.799110,VS0,VE0',
85 verbose headers   vary: 'Accept-Encoding, Accept' }
86 silly get cb [ 200,
86 silly get   { 'content-type': 'application/json; charset=UTF-8',
86 silly get     server: 'UploadServer',
86 silly get     'cache-control': 'max-age=300',
86 silly get     'last-modified': 'Wed, 10 Jan 2018 19:01:02 GMT',
86 silly get     etag: '"5a5662ee-2aa86"',
86 silly get     'content-encoding': 'gzip',
86 silly get     'content-length': '19845',
86 silly get     'accept-ranges': 'bytes',
86 silly get     date: 'Thu, 11 Jan 2018 12:02:24 GMT',
86 silly get     via: '1.1 varnish',
86 silly get     age: '3675',
86 silly get     connection: 'keep-alive',
86 silly get     'x-served-by': 'cache-fra19146-FRA',
86 silly get     'x-cache': 'HIT',
86 silly get     'x-cache-hits': '203',
86 silly get     'x-timer': 'S1515672145.799110,VS0,VE0',
86 silly get     vary: 'Accept-Encoding, Accept' } ]
87 verbose get saving lodash to /Users/hudaswanditya/.npm/registry.npmjs.org/lodash/.cache.json
88 verbose correctMkdir /Users/hudaswanditya/.npm correctMkdir not in flight; initializing
89 silly resolveWithNewModule lodash@4.17.4 checking installable status
90 silly cache add args [ 'lodash@^4.13.0', null ]
91 verbose cache add spec lodash@^4.13.0
92 silly cache add parsed spec Result {
92 silly cache add   raw: 'lodash@^4.13.0',
92 silly cache add   scope: null,
92 silly cache add   escapedName: 'lodash',
92 silly cache add   name: 'lodash',
92 silly cache add   rawSpec: '^4.13.0',
92 silly cache add   spec: '>=4.13.0 <5.0.0',
92 silly cache add   type: 'range' }
93 silly addNamed lodash@>=4.13.0 <5.0.0
94 verbose addNamed ">=4.13.0 <5.0.0" is a valid semver range for lodash
95 silly addNameRange { name: 'lodash', range: '>=4.13.0 <5.0.0', hasData: false }
96 silly mapToRegistry name lodash
97 silly mapToRegistry using default registry
98 silly mapToRegistry registry https://registry.npmjs.org/
99 silly mapToRegistry data Result {
99 silly mapToRegistry   raw: 'lodash',
99 silly mapToRegistry   scope: null,
99 silly mapToRegistry   escapedName: 'lodash',
99 silly mapToRegistry   name: 'lodash',
99 silly mapToRegistry   rawSpec: '',
99 silly mapToRegistry   spec: 'latest',
99 silly mapToRegistry   type: 'tag' }
100 silly mapToRegistry uri https://registry.npmjs.org/lodash
101 verbose addNameRange registry:https://registry.npmjs.org/lodash not in flight; fetching
102 verbose get https://registry.npmjs.org/lodash not expired, no request
103 silly addNameRange number 2 { name: 'lodash', range: '>=4.13.0 <5.0.0', hasData: true }
104 silly addNameRange versions [ 'lodash',
104 silly addNameRange   [ '0.1.0',
104 silly addNameRange     '0.2.0',
104 silly addNameRange     '0.2.1',
104 silly addNameRange     '0.2.2',
104 silly addNameRange     '0.3.0',
104 silly addNameRange     '0.3.1',
104 silly addNameRange     '0.3.2',
104 silly addNameRange     '0.4.0',
104 silly addNameRange     '0.4.1',
104 silly addNameRange     '0.4.2',
104 silly addNameRange     '0.5.0-rc.1',
104 silly addNameRange     '0.5.0',
104 silly addNameRange     '0.5.1',
104 silly addNameRange     '0.5.2',
104 silly addNameRange     '0.6.0',
104 silly addNameRange     '0.6.1',
104 silly addNameRange     '0.7.0',
104 silly addNameRange     '0.8.0',
104 silly addNameRange     '0.8.1',
104 silly addNameRange     '0.8.2',
104 silly addNameRange     '0.9.0',
104 silly addNameRange     '0.9.1',
104 silly addNameRange     '0.9.2',
104 silly addNameRange     '0.10.0',
104 silly addNameRange     '1.0.0-rc.1',
104 silly addNameRange     '1.0.0-rc.2',
104 silly addNameRange     '1.0.0-rc.3',
104 silly addNameRange     '1.0.0',
104 silly addNameRange     '1.0.1',
104 silly addNameRange     '1.1.0',
104 silly addNameRange     '1.1.1',
104 silly addNameRange     '1.2.0',
104 silly addNameRange     '1.2.1',
104 silly addNameRange     '1.3.0',
104 silly addNameRange     '1.3.1',
104 silly addNameRange     '2.0.0',
104 silly addNameRange     '2.1.0',
104 silly addNameRange     '2.2.0',
104 silly addNameRange     '2.2.1',
104 silly addNameRange     '2.3.0',
104 silly addNameRange     '2.4.0',
104 silly addNameRange     '2.4.1',
104 silly addNameRange     '3.0.0',
104 silly addNameRange     '3.0.1',
104 silly addNameRange     '3.1.0',
104 silly addNameRange     '3.2.0',
104 silly addNameRange     '3.3.0',
104 silly addNameRange     '3.3.1',
104 silly addNameRange     '3.4.0',
104 silly addNameRange     '3.5.0',
104 silly addNameRange     '3.6.0',
104 silly addNameRange     '1.0.2',
104 silly addNameRange     '3.7.0',
104 silly addNameRange     '2.4.2',
104 silly addNameRange     '3.8.0',
104 silly addNameRange     '3.9.0',
104 silly addNameRange     '3.9.1',
104 silly addNameRange     '3.9.2',
104 silly addNameRange     '3.9.3',
104 silly addNameRange     '3.10.0',
104 silly addNameRange     '3.10.1',
104 silly addNameRange     '4.0.0',
104 silly addNameRange     '4.0.1',
104 silly addNameRange     '4.1.0',
104 silly addNameRange     '4.2.0',
104 silly addNameRange     '4.2.1',
104 silly addNameRange     '4.3.0',
104 silly addNameRange     '4.4.0',
104 silly addNameRange     '4.5.0',
104 silly addNameRange     '4.5.1',
104 silly addNameRange     '4.6.0',
104 silly addNameRange     '4.6.1',
104 silly addNameRange     '4.7.0',
104 silly addNameRange     '4.8.0',
104 silly addNameRange     '4.8.1',
104 silly addNameRange     '4.8.2',
104 silly addNameRange     '4.9.0',
104 silly addNameRange     '4.10.0',
104 silly addNameRange     '4.11.0',
104 silly addNameRange     '4.11.1',
104 silly addNameRange     '4.11.2',
104 silly addNameRange     '4.12.0',
104 silly addNameRange     '4.13.0',
104 silly addNameRange     '4.13.1',
104 silly addNameRange     '4.14.0',
104 silly addNameRange     '4.14.1',
104 silly addNameRange     '4.14.2',
104 silly addNameRange     '4.15.0',
104 silly addNameRange     '4.16.0',
104 silly addNameRange     '4.16.1',
104 silly addNameRange     '4.16.2',
104 silly addNameRange     '4.16.3',
104 silly addNameRange     '4.16.4',
104 silly addNameRange     '4.16.5',
104 silly addNameRange     '4.16.6',
104 silly addNameRange     '4.17.0',
104 silly addNameRange     '4.17.1',
104 silly addNameRange     '4.17.2',
104 silly addNameRange     '4.17.3',
104 silly addNameRange     '4.17.4' ] ]
105 silly addNamed lodash@4.17.4
106 verbose addNamed "4.17.4" is a plain semver version for lodash
107 silly cache afterAdd lodash@4.17.4
108 verbose afterAdd /Users/hudaswanditya/.npm/lodash/4.17.4/package/package.json not in flight; writing
109 verbose correctMkdir /Users/hudaswanditya/.npm correctMkdir not in flight; initializing
110 verbose afterAdd /Users/hudaswanditya/.npm/lodash/4.17.4/package/package.json written
111 silly loadAllDepsIntoIdealTree Finishing
112 silly loadIdealTree Finishing
113 silly currentTree scrum-backlog-visualization@
114 silly idealTree scrum-backlog-visualization@
114 silly idealTree ├── lodash@4.17.4
114 silly idealTree └── ruby@0.6.1
115 silly generateActionsToTake Starting
116 silly install generateActionsToTake
117 silly generateActionsToTake Finishing
118 silly diffTrees action count 2
119 silly diffTrees add lodash@4.17.4
120 silly diffTrees add ruby@0.6.1
121 silly decomposeActions action count 16
122 silly decomposeActions fetch lodash@4.17.4
123 silly decomposeActions extract lodash@4.17.4
124 silly decomposeActions test lodash@4.17.4
125 silly decomposeActions preinstall lodash@4.17.4
126 silly decomposeActions build lodash@4.17.4
127 silly decomposeActions install lodash@4.17.4
128 silly decomposeActions postinstall lodash@4.17.4
129 silly decomposeActions finalize lodash@4.17.4
130 silly decomposeActions fetch ruby@0.6.1
131 silly decomposeActions extract ruby@0.6.1
132 silly decomposeActions test ruby@0.6.1
133 silly decomposeActions preinstall ruby@0.6.1
134 silly decomposeActions build ruby@0.6.1
135 silly decomposeActions install ruby@0.6.1
136 silly decomposeActions postinstall ruby@0.6.1
137 silly decomposeActions finalize ruby@0.6.1
138 silly runTopLevelLifecycles Starting
139 silly executeActions Starting
140 silly install executeActions
141 silly doSerial global-install 0
142 silly doParallel fetch 2
143 verbose correctMkdir /Users/hudaswanditya/.npm/_locks correctMkdir not in flight; initializing
144 verbose lock using /Users/hudaswanditya/.npm/_locks/staging-0706e3ce9fbbff87.lock for /Users/hudaswanditya/Desktop/Bachelor Arbeit/Scrum-Backlog/scrum-backlog-visualization/node_modules/.staging
145 silly doParallel extract 2
146 silly extract lodash@4.17.4
147 silly extract ruby@0.6.1
148 verbose unbuild node_modules/.staging/lodash-47a3427b
149 verbose unbuild node_modules/.staging/ruby-8d115f97
150 silly gentlyRm /Users/hudaswanditya/Desktop/Bachelor Arbeit/Scrum-Backlog/scrum-backlog-visualization/node_modules/.staging/lodash-47a3427b is being purged from base /Users/hudaswanditya/Desktop/Bachelor Arbeit/Scrum-Backlog/scrum-backlog-visualization
151 verbose gentlyRm don't care about contents; nuking /Users/hudaswanditya/Desktop/Bachelor Arbeit/Scrum-Backlog/scrum-backlog-visualization/node_modules/.staging/lodash-47a3427b
152 silly gentlyRm /Users/hudaswanditya/Desktop/Bachelor Arbeit/Scrum-Backlog/scrum-backlog-visualization/node_modules/.staging/ruby-8d115f97 is being purged from base /Users/hudaswanditya/Desktop/Bachelor Arbeit/Scrum-Backlog/scrum-backlog-visualization
153 verbose gentlyRm don't care about contents; nuking /Users/hudaswanditya/Desktop/Bachelor Arbeit/Scrum-Backlog/scrum-backlog-visualization/node_modules/.staging/ruby-8d115f97
154 verbose tar unpack /Users/hudaswanditya/.npm/lodash/4.17.4/package.tgz
155 verbose tar unpacking to /Users/hudaswanditya/Desktop/Bachelor Arbeit/Scrum-Backlog/scrum-backlog-visualization/node_modules/.staging/lodash-47a3427b
156 silly gentlyRm /Users/hudaswanditya/Desktop/Bachelor Arbeit/Scrum-Backlog/scrum-backlog-visualization/node_modules/.staging/lodash-47a3427b is being purged
157 verbose gentlyRm don't care about contents; nuking /Users/hudaswanditya/Desktop/Bachelor Arbeit/Scrum-Backlog/scrum-backlog-visualization/node_modules/.staging/lodash-47a3427b
158 verbose tar unpack /Users/hudaswanditya/.npm/ruby/0.6.1/package.tgz
159 verbose tar unpacking to /Users/hudaswanditya/Desktop/Bachelor Arbeit/Scrum-Backlog/scrum-backlog-visualization/node_modules/.staging/ruby-8d115f97
160 silly gentlyRm /Users/hudaswanditya/Desktop/Bachelor Arbeit/Scrum-Backlog/scrum-backlog-visualization/node_modules/.staging/ruby-8d115f97 is being purged
161 verbose gentlyRm don't care about contents; nuking /Users/hudaswanditya/Desktop/Bachelor Arbeit/Scrum-Backlog/scrum-backlog-visualization/node_modules/.staging/ruby-8d115f97
162 silly gunzTarPerm modes [ '755', '644' ]
163 silly gunzTarPerm modes [ '755', '644' ]
164 silly gunzTarPerm extractEntry package.json
165 silly gunzTarPerm extractEntry package.json
166 silly gunzTarPerm extractEntry README.md
167 silly gunzTarPerm extractEntry LICENSE
168 silly gunzTarPerm extractEntry .npmignore
169 silly gunzTarPerm extractEntry README.md
170 silly gunzTarPerm extractEntry _baseToString.js
171 silly gunzTarPerm extractEntry bindKey.js
172 silly gunzTarPerm extractEntry .mversionrc
173 silly gunzTarPerm extractEntry .editorconfig
174 silly gunzTarPerm extractEntry camelCase.js
175 silly gunzTarPerm extractEntry _baseToNumber.js
176 silly gunzTarPerm extractEntry .nvmrc
177 silly gunzTarPerm extractEntry .publish/assets/css/style.css
178 silly gunzTarPerm extractEntry _baseToPairs.js
179 silly gunzTarPerm extractEntry bindAll.js
180 silly gunzTarPerm extractEntry .publish/assets/images/logos.png
181 silly gunzTarPerm extractEntry .publish/assets/js/javascript.js
182 silly gunzTarPerm extractEntry .publish/assets/template.jst
183 silly gunzTarPerm extractEntry .publish/index.html
184 silly gunzTarPerm extractEntry chain.js
185 silly gunzTarPerm extractEntry .publish/integer.html
186 silly gunzTarPerm extractEntry chunk.js
187 silly gunzTarPerm extractEntry clamp.js
188 silly gunzTarPerm extractEntry .publish/percent_strings.html
189 silly gunzTarPerm extractEntry clone.js
190 silly gunzTarPerm extractEntry cloneDeep.js
191 silly gunzTarPerm extractEntry .publish/stdout.html
192 silly gunzTarPerm extractEntry .publish/string.html
193 silly gunzTarPerm extractEntry bind.js
194 silly gunzTarPerm extractEntry cloneDeepWith.js
195 silly gunzTarPerm extractEntry .publish/style.css
196 silly gunzTarPerm extractEntry .publish/top_level_methods.html
197 silly gunzTarPerm extractEntry .travis.yml
198 silly gunzTarPerm extractEntry before.js
199 silly gunzTarPerm extractEntry cloneWith.js
200 silly gunzTarPerm extractEntry .eslintignore
201 silly gunzTarPerm extractEntry dist/index.js
202 silly gunzTarPerm extractEntry dist/integer.js
203 silly gunzTarPerm extractEntry dist/percent_strings.js
204 silly gunzTarPerm extractEntry dist/stdout.js
205 silly gunzTarPerm extractEntry attempt.js
206 silly gunzTarPerm extractEntry collection.js
207 silly gunzTarPerm extractEntry at.js
208 silly gunzTarPerm extractEntry commit.js
209 silly gunzTarPerm extractEntry dist/string.js
210 silly gunzTarPerm extractEntry docs/assets/css/style.css
211 silly gunzTarPerm extractEntry assignWith.js
212 silly gunzTarPerm extractEntry compact.js
213 silly gunzTarPerm extractEntry docs/assets/images/logos.png
214 silly gunzTarPerm extractEntry docs/assets/js/javascript.js
215 silly gunzTarPerm extractEntry assignInWith.js
216 silly gunzTarPerm extractEntry concat.js
217 silly gunzTarPerm extractEntry docs/assets/template.jst
218 silly gunzTarPerm extractEntry docs/index.html
219 silly gunzTarPerm extractEntry assignIn.js
220 silly gunzTarPerm extractEntry cond.js
221 silly gunzTarPerm extractEntry docs/integer.html
222 silly gunzTarPerm extractEntry docs/percent_strings.html
223 silly gunzTarPerm extractEntry docs/stdout.html
224 silly gunzTarPerm extractEntry assign.js
225 silly gunzTarPerm extractEntry conforms.js
226 silly gunzTarPerm extractEntry docs/string.html
227 silly gunzTarPerm extractEntry docs/style.css
228 silly gunzTarPerm extractEntry ary.js
229 silly gunzTarPerm extractEntry conformsTo.js
230 silly gunzTarPerm extractEntry docs/top_level_methods.html
231 silly gunzTarPerm extractEntry .eslintrc
232 silly gunzTarPerm extractEntry array.js
233 silly gunzTarPerm extractEntry constant.js
234 silly gunzTarPerm extractEntry after.js
235 silly gunzTarPerm extractEntry core.js
236 silly gunzTarPerm extractEntry add.js
237 silly gunzTarPerm extractEntry core.min.js
238 silly gunzTarPerm extractEntry _wrapperClone.js
239 silly gunzTarPerm extractEntry countBy.js
240 silly gunzTarPerm extractEntry _updateWrapDetails.js
241 silly gunzTarPerm extractEntry create.js
242 silly gunzTarPerm extractEntry _unicodeWords.js
243 silly gunzTarPerm extractEntry curry.js
244 silly gunzTarPerm extractEntry _unicodeToArray.js
245 silly gunzTarPerm extractEntry curryRight.js
246 silly gunzTarPerm extractEntry _unicodeSize.js
247 silly gunzTarPerm extractEntry date.js
248 silly gunzTarPerm extractEntry _unescapeHtmlChar.js
249 silly gunzTarPerm extractEntry debounce.js
250 silly gunzTarPerm extractEntry _toSource.js
251 silly gunzTarPerm extractEntry deburr.js
252 silly gunzTarPerm extractEntry _toKey.js
253 silly gunzTarPerm extractEntry defaultTo.js
254 silly gunzTarPerm extractEntry _stringToPath.js
255 silly gunzTarPerm extractEntry defaults.js
256 silly gunzTarPerm extractEntry _stringToArray.js
257 silly gunzTarPerm extractEntry defaultsDeep.js
258 silly gunzTarPerm extractEntry _stringSize.js
259 silly gunzTarPerm extractEntry defer.js
260 silly gunzTarPerm extractEntry _strictLastIndexOf.js
261 silly gunzTarPerm extractEntry delay.js
262 silly gunzTarPerm extractEntry _strictIndexOf.js
263 silly gunzTarPerm extractEntry difference.js
264 silly gunzTarPerm extractEntry _stackSet.js
265 silly gunzTarPerm extractEntry differenceBy.js
266 silly gunzTarPerm extractEntry _stackHas.js
267 silly gunzTarPerm extractEntry differenceWith.js
268 silly gunzTarPerm extractEntry _stackGet.js
269 silly gunzTarPerm extractEntry divide.js
270 silly gunzTarPerm extractEntry _stackDelete.js
271 silly gunzTarPerm extractEntry drop.js
272 silly gunzTarPerm extractEntry _stackClear.js
273 silly gunzTarPerm extractEntry dropRight.js
274 silly gunzTarPerm extractEntry _shuffleSelf.js
275 silly gunzTarPerm extractEntry dropRightWhile.js
276 silly gunzTarPerm extractEntry _shortOut.js
277 silly gunzTarPerm extractEntry dropWhile.js
278 silly gunzTarPerm extractEntry _setWrapToString.js
279 silly gunzTarPerm extractEntry each.js
280 silly gunzTarPerm extractEntry _setToString.js
281 silly gunzTarPerm extractEntry eachRight.js
282 silly gunzTarPerm extractEntry _setToPairs.js
283 silly gunzTarPerm extractEntry endsWith.js
284 silly gunzTarPerm extractEntry _setToArray.js
285 silly gunzTarPerm extractEntry entries.js
286 silly gunzTarPerm extractEntry _setData.js
287 silly gunzTarPerm extractEntry entriesIn.js
288 silly gunzTarPerm extractEntry _setCacheHas.js
289 silly gentlyRm /Users/hudaswanditya/Desktop/Bachelor Arbeit/Scrum-Backlog/scrum-backlog-visualization/node_modules/.staging/ruby-8d115f97/node_modules is being purged
290 verbose gentlyRm don't care about contents; nuking /Users/hudaswanditya/Desktop/Bachelor Arbeit/Scrum-Backlog/scrum-backlog-visualization/node_modules/.staging/ruby-8d115f97/node_modules
291 silly gunzTarPerm extractEntry eq.js
292 silly gunzTarPerm extractEntry _setCacheAdd.js
293 silly gunzTarPerm extractEntry escape.js
294 silly gunzTarPerm extractEntry _root.js
295 silly gunzTarPerm extractEntry escapeRegExp.js
296 silly gunzTarPerm extractEntry _replaceHolders.js
297 silly gunzTarPerm extractEntry every.js
298 silly gunzTarPerm extractEntry _reorder.js
299 silly gunzTarPerm extractEntry extend.js
300 silly gunzTarPerm extractEntry _realNames.js
301 silly gunzTarPerm extractEntry extendWith.js
302 silly gunzTarPerm extractEntry _reInterpolate.js
303 silly gunzTarPerm extractEntry fill.js
304 silly gunzTarPerm extractEntry _reEvaluate.js
305 silly gunzTarPerm extractEntry filter.js
306 silly gunzTarPerm extractEntry _reEscape.js
307 silly gunzTarPerm extractEntry find.js
308 silly gunzTarPerm extractEntry _parent.js
309 silly gunzTarPerm extractEntry findIndex.js
310 silly gunzTarPerm extractEntry _overRest.js
311 silly gunzTarPerm extractEntry findKey.js
312 silly gunzTarPerm extractEntry _overArg.js
313 silly gunzTarPerm extractEntry findLast.js
314 silly gunzTarPerm extractEntry _objectToString.js
315 silly gunzTarPerm extractEntry findLastIndex.js
316 silly gunzTarPerm extractEntry _nodeUtil.js
317 silly gunzTarPerm extractEntry findLastKey.js
318 silly gunzTarPerm extractEntry _nativeKeysIn.js
319 silly gunzTarPerm extractEntry first.js
320 silly gunzTarPerm extractEntry _nativeKeys.js
321 silly gunzTarPerm extractEntry flatMap.js
322 silly gunzTarPerm extractEntry _nativeCreate.js
323 silly gunzTarPerm extractEntry flatMapDeep.js
324 silly gunzTarPerm extractEntry _metaMap.js
325 silly gunzTarPerm extractEntry flatMapDepth.js
326 silly gunzTarPerm extractEntry _mergeData.js
327 silly gunzTarPerm extractEntry flatten.js
328 silly gunzTarPerm extractEntry _memoizeCapped.js
329 silly gunzTarPerm extractEntry flattenDeep.js
330 silly gunzTarPerm extractEntry _matchesStrictComparable.js
331 silly gunzTarPerm extractEntry flattenDepth.js
332 silly gunzTarPerm extractEntry _mapToArray.js
333 silly gunzTarPerm extractEntry flip.js
334 silly gunzTarPerm extractEntry _mapCacheSet.js
335 silly gunzTarPerm extractEntry floor.js
336 silly gunzTarPerm extractEntry _mapCacheHas.js
337 silly gunzTarPerm extractEntry flow.js
338 silly gunzTarPerm extractEntry _mapCacheGet.js
339 silly gunzTarPerm extractEntry flowRight.js
340 silly gunzTarPerm extractEntry _mapCacheDelete.js
341 silly gunzTarPerm extractEntry forEach.js
342 silly gunzTarPerm extractEntry _mapCacheClear.js
343 silly gunzTarPerm extractEntry forEachRight.js
344 silly gunzTarPerm extractEntry _listCacheSet.js
345 silly gunzTarPerm extractEntry forIn.js
346 silly gunzTarPerm extractEntry _listCacheHas.js
347 silly gunzTarPerm extractEntry forInRight.js
348 silly gunzTarPerm extractEntry _listCacheGet.js
349 silly gunzTarPerm extractEntry forOwn.js
350 silly gunzTarPerm extractEntry _listCacheDelete.js
351 silly gunzTarPerm extractEntry forOwnRight.js
352 silly gunzTarPerm extractEntry _listCacheClear.js
353 silly gunzTarPerm extractEntry zipObjectDeep.js
354 silly gunzTarPerm extractEntry _lazyValue.js
355 silly gunzTarPerm extractEntry fp.js
356 silly gunzTarPerm extractEntry _lazyReverse.js
357 silly gunzTarPerm extractEntry fromPairs.js
358 silly gunzTarPerm extractEntry _lazyClone.js
359 silly gunzTarPerm extractEntry function.js
360 silly gunzTarPerm extractEntry _iteratorToArray.js
361 silly gunzTarPerm extractEntry functions.js
362 silly gunzTarPerm extractEntry _isStrictComparable.js
363 silly gunzTarPerm extractEntry functionsIn.js
364 silly gunzTarPerm extractEntry _isPrototype.js
365 silly gunzTarPerm extractEntry get.js
366 silly gunzTarPerm extractEntry _isMasked.js
367 silly gunzTarPerm extractEntry groupBy.js
368 silly gunzTarPerm extractEntry _isMaskable.js
369 silly gunzTarPerm extractEntry gt.js
370 silly gunzTarPerm extractEntry _isLaziable.js
371 silly gunzTarPerm extractEntry gte.js
372 silly gunzTarPerm extractEntry _isKeyable.js
373 silly gunzTarPerm extractEntry has.js
374 silly gunzTarPerm extractEntry _isKey.js
375 silly gunzTarPerm extractEntry hasIn.js
376 silly gunzTarPerm extractEntry _isIterateeCall.js
377 silly gunzTarPerm extractEntry head.js
378 silly gunzTarPerm extractEntry _isIndex.js
379 silly gunzTarPerm extractEntry identity.js
380 silly gunzTarPerm extractEntry _isFlattenable.js
381 silly gunzTarPerm extractEntry inRange.js
382 silly gunzTarPerm extractEntry _insertWrapDetails.js
383 silly gunzTarPerm extractEntry includes.js
384 silly gunzTarPerm extractEntry _initCloneObject.js
385 silly gunzTarPerm extractEntry index.js
386 silly gunzTarPerm extractEntry _initCloneByTag.js
387 silly gunzTarPerm extractEntry indexOf.js
388 silly gunzTarPerm extractEntry _initCloneArray.js
389 silly gunzTarPerm extractEntry initial.js
390 silly gunzTarPerm extractEntry _hashSet.js
391 silly gunzTarPerm extractEntry intersection.js
392 silly gunzTarPerm extractEntry _hashHas.js
393 silly gunzTarPerm extractEntry intersectionBy.js
394 silly gunzTarPerm extractEntry _hashGet.js
395 silly gunzTarPerm extractEntry intersectionWith.js
396 silly gunzTarPerm extractEntry _hashDelete.js
397 silly gunzTarPerm extractEntry invert.js
398 silly gunzTarPerm extractEntry _hashClear.js
399 silly gunzTarPerm extractEntry invertBy.js
400 silly gunzTarPerm extractEntry _hasUnicodeWord.js
401 silly gunzTarPerm extractEntry invoke.js
402 silly gunzTarPerm extractEntry _hasUnicode.js
403 silly gunzTarPerm extractEntry invokeMap.js
404 silly gunzTarPerm extractEntry _hasPath.js
405 silly gunzTarPerm extractEntry isArguments.js
406 silly gunzTarPerm extractEntry _getWrapDetails.js
407 silly gunzTarPerm extractEntry isArray.js
408 silly gunzTarPerm extractEntry _getView.js
409 silly gunzTarPerm extractEntry isArrayBuffer.js
410 silly gunzTarPerm extractEntry _getValue.js
411 silly gunzTarPerm extractEntry isArrayLike.js
412 silly gunzTarPerm extractEntry _getTag.js
413 silly gunzTarPerm extractEntry isArrayLikeObject.js
414 silly gunzTarPerm extractEntry _getSymbolsIn.js
415 silly gunzTarPerm extractEntry isBoolean.js
416 silly gunzTarPerm extractEntry _getSymbols.js
417 silly gunzTarPerm extractEntry isBuffer.js
418 silly gunzTarPerm extractEntry _getRawTag.js
419 silly gunzTarPerm extractEntry isDate.js
420 silly gunzTarPerm extractEntry _getPrototype.js
421 silly gunzTarPerm extractEntry isElement.js
422 silly gunzTarPerm extractEntry _getNative.js
423 silly gunzTarPerm extractEntry isEmpty.js
424 silly gunzTarPerm extractEntry _getMatchData.js
425 silly gunzTarPerm extractEntry isEqual.js
426 silly gunzTarPerm extractEntry _getMapData.js
427 silly gunzTarPerm extractEntry isEqualWith.js
428 silly gunzTarPerm extractEntry _getHolder.js
429 silly gunzTarPerm extractEntry isError.js
430 silly gunzTarPerm extractEntry _getFuncName.js
431 silly gunzTarPerm extractEntry isFinite.js
432 silly gunzTarPerm extractEntry _getData.js
433 silly gunzTarPerm extractEntry isFunction.js
434 silly gunzTarPerm extractEntry _getAllKeysIn.js
435 silly gunzTarPerm extractEntry isInteger.js
436 silly gunzTarPerm extractEntry _getAllKeys.js
437 silly gunzTarPerm extractEntry isLength.js
438 silly gunzTarPerm extractEntry _freeGlobal.js
439 silly gunzTarPerm extractEntry isMap.js
440 silly gunzTarPerm extractEntry _flatRest.js
441 silly gunzTarPerm extractEntry isMatch.js
442 silly gunzTarPerm extractEntry _escapeStringChar.js
443 silly gunzTarPerm extractEntry isMatchWith.js
444 silly gunzTarPerm extractEntry _escapeHtmlChar.js
445 silly gunzTarPerm extractEntry isNaN.js
446 silly gunzTarPerm extractEntry _equalObjects.js
447 silly gunzTarPerm extractEntry isNative.js
448 silly gunzTarPerm extractEntry _equalByTag.js
449 silly gunzTarPerm extractEntry isNil.js
450 silly gunzTarPerm extractEntry _equalArrays.js
451 silly gunzTarPerm extractEntry isNull.js
452 silly gunzTarPerm extractEntry _defineProperty.js
453 silly gunzTarPerm extractEntry isNumber.js
454 silly gunzTarPerm extractEntry _deburrLetter.js
455 silly gunzTarPerm extractEntry isObject.js
456 silly gunzTarPerm extractEntry _customOmitClone.js
457 silly gunzTarPerm extractEntry isObjectLike.js
458 silly gunzTarPerm extractEntry _customDefaultsMerge.js
459 silly gunzTarPerm extractEntry isPlainObject.js
460 silly gunzTarPerm extractEntry _customDefaultsAssignIn.js
461 silly gunzTarPerm extractEntry isRegExp.js
462 silly gunzTarPerm extractEntry _createWrap.js
463 silly gunzTarPerm extractEntry isSafeInteger.js
464 silly gunzTarPerm extractEntry _createToPairs.js
465 silly gunzTarPerm extractEntry isSet.js
466 silly gunzTarPerm extractEntry _createSet.js
467 silly gunzTarPerm extractEntry isString.js
468 silly gunzTarPerm extractEntry _createRound.js
469 silly gunzTarPerm extractEntry isSymbol.js
470 silly gunzTarPerm extractEntry _createRelationalOperation.js
471 silly gunzTarPerm extractEntry isTypedArray.js
472 silly gunzTarPerm extractEntry _createRecurry.js
473 silly gunzTarPerm extractEntry isUndefined.js
474 silly gunzTarPerm extractEntry _createRange.js
475 silly gunzTarPerm extractEntry isWeakMap.js
476 silly gunzTarPerm extractEntry _createPartial.js
477 silly gunzTarPerm extractEntry isWeakSet.js
478 silly gunzTarPerm extractEntry _createPadding.js
479 silly gunzTarPerm extractEntry iteratee.js
480 silly gunzTarPerm extractEntry _createOver.js
481 silly gunzTarPerm extractEntry join.js
482 silly gunzTarPerm extractEntry _createMathOperation.js
483 silly gunzTarPerm extractEntry kebabCase.js
484 silly gunzTarPerm extractEntry _createInverter.js
485 silly gunzTarPerm extractEntry keyBy.js
486 silly gunzTarPerm extractEntry _createHybrid.js
487 silly gunzTarPerm extractEntry keys.js
488 silly gunzTarPerm extractEntry _createFlow.js
489 silly gunzTarPerm extractEntry keysIn.js
490 silly gunzTarPerm extractEntry _createFind.js
491 silly gunzTarPerm extractEntry lang.js
492 silly gunzTarPerm extractEntry _createCurry.js
493 silly gunzTarPerm extractEntry last.js
494 silly gunzTarPerm extractEntry _createCtor.js
495 silly gunzTarPerm extractEntry lastIndexOf.js
496 silly gunzTarPerm extractEntry _createCompounder.js
497 silly gunzTarPerm extractEntry lodash.js
498 silly gunzTarPerm extractEntry _createCaseFirst.js
499 silly gunzTarPerm extractEntry lodash.min.js
500 silly gunzTarPerm extractEntry _createBind.js
501 silly gunzTarPerm extractEntry lowerCase.js
502 silly gunzTarPerm extractEntry _createBaseFor.js
503 silly gunzTarPerm extractEntry lowerFirst.js
504 silly gunzTarPerm extractEntry _createBaseEach.js
505 silly gunzTarPerm extractEntry lt.js
506 silly gunzTarPerm extractEntry _createAssigner.js
507 silly gunzTarPerm extractEntry lte.js
508 silly gunzTarPerm extractEntry _createAggregator.js
509 silly gunzTarPerm extractEntry map.js
510 silly gunzTarPerm extractEntry _countHolders.js
511 silly gunzTarPerm extractEntry mapKeys.js
512 silly gunzTarPerm extractEntry _coreJsData.js
513 silly gunzTarPerm extractEntry mapValues.js
514 silly gunzTarPerm extractEntry _copySymbolsIn.js
515 silly gunzTarPerm extractEntry matches.js
516 silly gunzTarPerm extractEntry _copySymbols.js
517 silly gunzTarPerm extractEntry matchesProperty.js
518 silly gunzTarPerm extractEntry _copyObject.js
519 silly gunzTarPerm extractEntry math.js
520 silly gunzTarPerm extractEntry _copyArray.js
521 silly gunzTarPerm extractEntry max.js
522 silly gunzTarPerm extractEntry _composeArgsRight.js
523 silly gunzTarPerm extractEntry maxBy.js
524 silly gunzTarPerm extractEntry _composeArgs.js
525 silly gunzTarPerm extractEntry mean.js
526 silly gunzTarPerm extractEntry _compareMultiple.js
527 silly gunzTarPerm extractEntry meanBy.js
528 silly gunzTarPerm extractEntry _compareAscending.js
529 silly gunzTarPerm extractEntry memoize.js
530 silly gunzTarPerm extractEntry _cloneTypedArray.js
531 silly gunzTarPerm extractEntry merge.js
532 silly gunzTarPerm extractEntry _cloneSymbol.js
533 silly gunzTarPerm extractEntry mergeWith.js
534 silly gunzTarPerm extractEntry _cloneSet.js
535 silly gunzTarPerm extractEntry method.js
536 silly gunzTarPerm extractEntry _cloneRegExp.js
537 silly gunzTarPerm extractEntry methodOf.js
538 silly gunzTarPerm extractEntry _cloneMap.js
539 silly gunzTarPerm extractEntry min.js
540 silly gunzTarPerm extractEntry _cloneDataView.js
541 silly gunzTarPerm extractEntry minBy.js
542 silly gunzTarPerm extractEntry _cloneBuffer.js
543 silly gunzTarPerm extractEntry mixin.js
544 silly gunzTarPerm extractEntry _cloneArrayBuffer.js
545 silly gunzTarPerm extractEntry multiply.js
546 silly gunzTarPerm extractEntry _charsStartIndex.js
547 silly gunzTarPerm extractEntry negate.js
548 silly gunzTarPerm extractEntry _charsEndIndex.js
549 silly gunzTarPerm extractEntry next.js
550 silly gunzTarPerm extractEntry _castSlice.js
551 silly gunzTarPerm extractEntry noop.js
552 silly gunzTarPerm extractEntry _castRest.js
553 silly gunzTarPerm extractEntry now.js
554 silly gunzTarPerm extractEntry _castPath.js
555 silly gunzTarPerm extractEntry nth.js
556 silly gunzTarPerm extractEntry _castFunction.js
557 silly gunzTarPerm extractEntry nthArg.js
558 silly gunzTarPerm extractEntry _castArrayLikeObject.js
559 silly gunzTarPerm extractEntry number.js
560 silly gunzTarPerm extractEntry _cacheHas.js
561 silly gunzTarPerm extractEntry object.js
562 silly gunzTarPerm extractEntry _baseZipObject.js
563 silly gunzTarPerm extractEntry omit.js
564 silly gunzTarPerm extractEntry _baseXor.js
565 silly gunzTarPerm extractEntry omitBy.js
566 silly gunzTarPerm extractEntry _baseWrapperValue.js
567 silly gunzTarPerm extractEntry once.js
568 silly gunzTarPerm extractEntry _baseWhile.js
569 silly gunzTarPerm extractEntry orderBy.js
570 silly gunzTarPerm extractEntry _baseValues.js
571 silly gunzTarPerm extractEntry over.js
572 silly gunzTarPerm extractEntry _baseUpdate.js
573 silly gunzTarPerm extractEntry overArgs.js
574 silly gunzTarPerm extractEntry _baseUnset.js
575 silly gunzTarPerm extractEntry overEvery.js
576 silly gunzTarPerm extractEntry _baseUniq.js
577 silly gunzTarPerm extractEntry overSome.js
578 silly gunzTarPerm extractEntry _baseUnary.js
579 silly gunzTarPerm extractEntry _baseTimes.js
580 silly gunzTarPerm extractEntry ceil.js
581 silly gunzTarPerm extractEntry pad.js
582 silly gunzTarPerm extractEntry _baseSum.js
583 silly gunzTarPerm extractEntry padEnd.js
584 silly gunzTarPerm extractEntry _baseSortedUniq.js
585 silly gunzTarPerm extractEntry padStart.js
586 silly gunzTarPerm extractEntry _baseSortedIndexBy.js
587 silly gunzTarPerm extractEntry parseInt.js
588 silly gunzTarPerm extractEntry _baseSortedIndex.js
589 silly gunzTarPerm extractEntry partial.js
590 silly gunzTarPerm extractEntry _baseSortBy.js
591 silly gunzTarPerm extractEntry partialRight.js
592 silly gunzTarPerm extractEntry _baseSome.js
593 silly gunzTarPerm extractEntry partition.js
594 silly gunzTarPerm extractEntry _baseSlice.js
595 silly gunzTarPerm extractEntry pick.js
596 silly gunzTarPerm extractEntry _baseShuffle.js
597 silly gunzTarPerm extractEntry pickBy.js
598 silly gunzTarPerm extractEntry _baseSetToString.js
599 silly gunzTarPerm extractEntry plant.js
600 silly gunzTarPerm extractEntry _baseSetData.js
601 silly gunzTarPerm extractEntry property.js
602 silly gunzTarPerm extractEntry _baseSet.js
603 silly gunzTarPerm extractEntry propertyOf.js
604 silly gunzTarPerm extractEntry _baseSampleSize.js
605 silly gunzTarPerm extractEntry pull.js
606 silly gunzTarPerm extractEntry _baseSample.js
607 silly gunzTarPerm extractEntry pullAll.js
608 silly gunzTarPerm extractEntry _baseRest.js
609 silly gunzTarPerm extractEntry pullAllBy.js
610 silly gunzTarPerm extractEntry _baseRepeat.js
611 silly gunzTarPerm extractEntry pullAllWith.js
612 silly gunzTarPerm extractEntry _baseReduce.js
613 silly gunzTarPerm extractEntry pullAt.js
614 silly gunzTarPerm extractEntry _baseRange.js
615 silly gunzTarPerm extractEntry random.js
616 silly gunzTarPerm extractEntry _baseRandom.js
617 silly gunzTarPerm extractEntry range.js
618 silly gunzTarPerm extractEntry _basePullAt.js
619 silly gunzTarPerm extractEntry rangeRight.js
620 silly gunzTarPerm extractEntry _basePullAll.js
621 silly gunzTarPerm extractEntry rearg.js
622 silly gunzTarPerm extractEntry _basePropertyOf.js
623 silly gunzTarPerm extractEntry reduce.js
624 silly gunzTarPerm extractEntry _basePropertyDeep.js
625 silly gunzTarPerm extractEntry reduceRight.js
626 silly gunzTarPerm extractEntry _baseProperty.js
627 silly gunzTarPerm extractEntry reject.js
628 silly gunzTarPerm extractEntry _basePickBy.js
629 silly gunzTarPerm extractEntry remove.js
630 silly gunzTarPerm extractEntry _basePick.js
631 silly gunzTarPerm extractEntry repeat.js
632 silly gunzTarPerm extractEntry _baseOrderBy.js
633 silly gunzTarPerm extractEntry replace.js
634 silly gunzTarPerm extractEntry _baseNth.js
635 silly gunzTarPerm extractEntry rest.js
636 silly gunzTarPerm extractEntry _baseMergeDeep.js
637 silly gunzTarPerm extractEntry result.js
638 silly gunzTarPerm extractEntry _baseMerge.js
639 silly gunzTarPerm extractEntry reverse.js
640 silly gunzTarPerm extractEntry _baseMean.js
641 silly gunzTarPerm extractEntry round.js
642 silly gunzTarPerm extractEntry _baseMatchesProperty.js
643 silly gunzTarPerm extractEntry sample.js
644 silly gunzTarPerm extractEntry _baseMatches.js
645 silly gunzTarPerm extractEntry sampleSize.js
646 silly gunzTarPerm extractEntry _baseMap.js
647 silly gunzTarPerm extractEntry seq.js
648 silly gunzTarPerm extractEntry _baseLt.js
649 silly gunzTarPerm extractEntry set.js
650 silly gunzTarPerm extractEntry _baseLodash.js
651 silly gunzTarPerm extractEntry setWith.js
652 silly gunzTarPerm extractEntry _baseKeysIn.js
653 silly gunzTarPerm extractEntry shuffle.js
654 silly gunzTarPerm extractEntry _baseKeys.js
655 silly gunzTarPerm extractEntry size.js
656 silly gunzTarPerm extractEntry _baseIteratee.js
657 silly gunzTarPerm extractEntry slice.js
658 silly gunzTarPerm extractEntry _baseIsTypedArray.js
659 silly gunzTarPerm extractEntry snakeCase.js
660 silly gunzTarPerm extractEntry _baseIsSet.js
661 silly gunzTarPerm extractEntry some.js
662 silly gunzTarPerm extractEntry _baseIsRegExp.js
663 silly gunzTarPerm extractEntry sortBy.js
664 silly gunzTarPerm extractEntry _baseIsNative.js
665 silly gunzTarPerm extractEntry sortedIndex.js
666 silly gunzTarPerm extractEntry _baseIsNaN.js
667 silly gunzTarPerm extractEntry sortedIndexBy.js
668 silly gunzTarPerm extractEntry _baseIsMatch.js
669 silly gunzTarPerm extractEntry sortedIndexOf.js
670 silly gunzTarPerm extractEntry _baseIsMap.js
671 silly gunzTarPerm extractEntry sortedLastIndex.js
672 silly gunzTarPerm extractEntry _baseIsEqualDeep.js
673 silly gunzTarPerm extractEntry sortedLastIndexBy.js
674 silly gunzTarPerm extractEntry _baseIsEqual.js
675 silly gunzTarPerm extractEntry sortedLastIndexOf.js
676 silly gunzTarPerm extractEntry _baseIsDate.js
677 silly gunzTarPerm extractEntry sortedUniq.js
678 silly gunzTarPerm extractEntry _baseIsArrayBuffer.js
679 silly gunzTarPerm extractEntry sortedUniqBy.js
680 silly gunzTarPerm extractEntry _baseIsArguments.js
681 silly gunzTarPerm extractEntry split.js
682 silly gunzTarPerm extractEntry _baseInvoke.js
683 silly gunzTarPerm extractEntry spread.js
684 silly gunzTarPerm extractEntry _baseInverter.js
685 silly gunzTarPerm extractEntry startCase.js
686 silly gunzTarPerm extractEntry _baseIntersection.js
687 silly gunzTarPerm extractEntry startsWith.js
688 silly gunzTarPerm extractEntry _baseIndexOfWith.js
689 silly gunzTarPerm extractEntry string.js
690 silly gunzTarPerm extractEntry _baseIndexOf.js
691 silly gunzTarPerm extractEntry stubArray.js
692 silly gunzTarPerm extractEntry _baseInRange.js
693 silly gunzTarPerm extractEntry stubFalse.js
694 silly gunzTarPerm extractEntry _baseHasIn.js
695 silly gunzTarPerm extractEntry stubObject.js
696 silly gunzTarPerm extractEntry _baseHas.js
697 silly gunzTarPerm extractEntry stubString.js
698 silly gunzTarPerm extractEntry _baseGt.js
699 silly gunzTarPerm extractEntry stubTrue.js
700 silly gunzTarPerm extractEntry _baseGetTag.js
701 silly gunzTarPerm extractEntry subtract.js
702 silly gunzTarPerm extractEntry _baseGetAllKeys.js
703 silly gunzTarPerm extractEntry sum.js
704 silly gunzTarPerm extractEntry _baseGet.js
705 silly gunzTarPerm extractEntry sumBy.js
706 silly gunzTarPerm extractEntry _baseFunctions.js
707 silly gunzTarPerm extractEntry tail.js
708 silly gunzTarPerm extractEntry _baseForRight.js
709 silly gunzTarPerm extractEntry take.js
710 silly gunzTarPerm extractEntry _baseForOwnRight.js
711 silly gunzTarPerm extractEntry takeRight.js
712 silly gunzTarPerm extractEntry _baseForOwn.js
713 silly gunzTarPerm extractEntry takeRightWhile.js
714 silly gunzTarPerm extractEntry _baseFor.js
715 silly gunzTarPerm extractEntry takeWhile.js
716 silly gunzTarPerm extractEntry _baseFlatten.js
717 silly gunzTarPerm extractEntry tap.js
718 silly gunzTarPerm extractEntry _baseFindKey.js
719 silly gunzTarPerm extractEntry template.js
720 silly gunzTarPerm extractEntry _baseFindIndex.js
721 silly gunzTarPerm extractEntry templateSettings.js
722 silly gunzTarPerm extractEntry _baseFilter.js
723 silly gunzTarPerm extractEntry throttle.js
724 silly gunzTarPerm extractEntry _baseFill.js
725 silly gunzTarPerm extractEntry thru.js
726 silly gunzTarPerm extractEntry _baseExtremum.js
727 silly gunzTarPerm extractEntry times.js
728 silly gunzTarPerm extractEntry _baseEvery.js
729 silly gunzTarPerm extractEntry toArray.js
730 silly gunzTarPerm extractEntry _baseEachRight.js
731 silly gunzTarPerm extractEntry toFinite.js
732 silly gunzTarPerm extractEntry _baseEach.js
733 silly gunzTarPerm extractEntry toInteger.js
734 silly gunzTarPerm extractEntry _baseDifference.js
735 silly gunzTarPerm extractEntry toIterator.js
736 silly gunzTarPerm extractEntry _baseDelay.js
737 silly gunzTarPerm extractEntry toJSON.js
738 silly gunzTarPerm extractEntry _baseCreate.js
739 silly gunzTarPerm extractEntry toLength.js
740 silly gunzTarPerm extractEntry _baseConformsTo.js
741 silly gunzTarPerm extractEntry toLower.js
742 silly gunzTarPerm extractEntry _baseConforms.js
743 silly gunzTarPerm extractEntry toNumber.js
744 silly gunzTarPerm extractEntry _baseClone.js
745 silly gunzTarPerm extractEntry toPairs.js
746 silly gunzTarPerm extractEntry _baseClamp.js
747 silly gunzTarPerm extractEntry toPairsIn.js
748 silly gunzTarPerm extractEntry _baseAt.js
749 silly gunzTarPerm extractEntry toPath.js
750 silly gunzTarPerm extractEntry _baseAssignValue.js
751 silly gunzTarPerm extractEntry toPlainObject.js
752 silly gunzTarPerm extractEntry _baseAssignIn.js
753 silly gunzTarPerm extractEntry toSafeInteger.js
754 silly gunzTarPerm extractEntry _baseAssign.js
755 silly gunzTarPerm extractEntry toString.js
756 silly gunzTarPerm extractEntry _baseAggregator.js
757 silly gunzTarPerm extractEntry toUpper.js
758 silly gunzTarPerm extractEntry _assocIndexOf.js
759 silly gunzTarPerm extractEntry transform.js
760 silly gunzTarPerm extractEntry _assignValue.js
761 silly gunzTarPerm extractEntry trim.js
762 silly gunzTarPerm extractEntry _assignMergeValue.js
763 silly gunzTarPerm extractEntry trimEnd.js
764 silly gunzTarPerm extractEntry _asciiWords.js
765 silly gunzTarPerm extractEntry trimStart.js
766 silly gunzTarPerm extractEntry _asciiToArray.js
767 silly gunzTarPerm extractEntry truncate.js
768 silly gunzTarPerm extractEntry _asciiSize.js
769 silly gunzTarPerm extractEntry unary.js
770 silly gunzTarPerm extractEntry _arraySome.js
771 silly gunzTarPerm extractEntry unescape.js
772 silly gunzTarPerm extractEntry _arrayShuffle.js
773 silly gunzTarPerm extractEntry union.js
774 silly gunzTarPerm extractEntry _arraySampleSize.js
775 silly gunzTarPerm extractEntry unionBy.js
776 silly gunzTarPerm extractEntry _arraySample.js
777 silly gunzTarPerm extractEntry unionWith.js
778 silly gunzTarPerm extractEntry _arrayReduceRight.js
779 silly gunzTarPerm extractEntry uniq.js
780 silly gunzTarPerm extractEntry _arrayReduce.js
781 silly gunzTarPerm extractEntry uniqBy.js
782 silly gunzTarPerm extractEntry _arrayPush.js
783 silly gunzTarPerm extractEntry uniqWith.js
784 silly gunzTarPerm extractEntry _arrayMap.js
785 silly gunzTarPerm extractEntry uniqueId.js
786 silly gunzTarPerm extractEntry _arrayLikeKeys.js
787 silly gunzTarPerm extractEntry unset.js
788 silly gunzTarPerm extractEntry _arrayIncludesWith.js
789 silly gunzTarPerm extractEntry unzip.js
790 silly gunzTarPerm extractEntry _arrayIncludes.js
791 silly gunzTarPerm extractEntry unzipWith.js
792 silly gunzTarPerm extractEntry _arrayFilter.js
793 silly gunzTarPerm extractEntry update.js
794 silly gunzTarPerm extractEntry _arrayEvery.js
795 silly gunzTarPerm extractEntry updateWith.js
796 silly gunzTarPerm extractEntry _arrayEachRight.js
797 silly gunzTarPerm extractEntry upperCase.js
798 silly gunzTarPerm extractEntry _arrayEach.js
799 silly gunzTarPerm extractEntry upperFirst.js
800 silly gunzTarPerm extractEntry _arrayAggregator.js
801 silly gunzTarPerm extractEntry util.js
802 silly gunzTarPerm extractEntry _apply.js
803 silly gunzTarPerm extractEntry value.js
804 silly gunzTarPerm extractEntry _addSetEntry.js
805 silly gunzTarPerm extractEntry valueOf.js
806 silly gunzTarPerm extractEntry _addMapEntry.js
807 silly gunzTarPerm extractEntry values.js
808 silly gunzTarPerm extractEntry _WeakMap.js
809 silly gunzTarPerm extractEntry valuesIn.js
810 silly gunzTarPerm extractEntry _Uint8Array.js
811 silly gunzTarPerm extractEntry without.js
812 silly gunzTarPerm extractEntry _Symbol.js
813 silly gunzTarPerm extractEntry words.js
814 silly gunzTarPerm extractEntry _Stack.js
815 silly gunzTarPerm extractEntry wrap.js
816 silly gunzTarPerm extractEntry _SetCache.js
817 silly gunzTarPerm extractEntry wrapperAt.js
818 silly gunzTarPerm extractEntry _Set.js
819 silly gunzTarPerm extractEntry wrapperChain.js
820 silly gunzTarPerm extractEntry _Promise.js
821 silly gunzTarPerm extractEntry wrapperLodash.js
822 silly gunzTarPerm extractEntry _MapCache.js
823 silly gunzTarPerm extractEntry wrapperReverse.js
824 silly gunzTarPerm extractEntry _Map.js
825 silly gunzTarPerm extractEntry wrapperValue.js
826 silly gunzTarPerm extractEntry _LodashWrapper.js
827 silly gunzTarPerm extractEntry xor.js
828 silly gunzTarPerm extractEntry _ListCache.js
829 silly gunzTarPerm extractEntry xorBy.js
830 silly gunzTarPerm extractEntry _LazyWrapper.js
831 silly gunzTarPerm extractEntry xorWith.js
832 silly gunzTarPerm extractEntry _Hash.js
833 silly gunzTarPerm extractEntry zip.js
834 silly gunzTarPerm extractEntry _DataView.js
835 silly gunzTarPerm extractEntry zipObject.js
836 silly gunzTarPerm extractEntry capitalize.js
837 silly gunzTarPerm extractEntry zipWith.js
838 silly gunzTarPerm extractEntry castArray.js
839 silly gunzTarPerm extractEntry fp/F.js
840 silly gunzTarPerm extractEntry fp/lang.js
841 silly gunzTarPerm extractEntry fp/last.js
842 silly gunzTarPerm extractEntry fp/lastIndexOf.js
843 silly gunzTarPerm extractEntry fp/keysIn.js
844 silly gunzTarPerm extractEntry fp/lowerCase.js
845 silly gunzTarPerm extractEntry fp/lowerFirst.js
846 silly gunzTarPerm extractEntry fp/lt.js
847 silly gunzTarPerm extractEntry fp/lte.js
848 silly gunzTarPerm extractEntry fp/map.js
849 silly gunzTarPerm extractEntry fp/keys.js
850 silly gunzTarPerm extractEntry fp/mapKeys.js
851 silly gunzTarPerm extractEntry fp/keyBy.js
852 silly gunzTarPerm extractEntry fp/mapValues.js
853 silly gunzTarPerm extractEntry fp/kebabCase.js
854 silly gunzTarPerm extractEntry fp/matches.js
855 silly gunzTarPerm extractEntry fp/juxt.js
856 silly gunzTarPerm extractEntry fp/matchesProperty.js
857 silly gunzTarPerm extractEntry fp/join.js
858 silly gunzTarPerm extractEntry fp/math.js
859 silly gunzTarPerm extractEntry fp/iteratee.js
860 silly gunzTarPerm extractEntry fp/max.js
861 silly gunzTarPerm extractEntry fp/isWeakSet.js
862 silly gunzTarPerm extractEntry fp/maxBy.js
863 silly gunzTarPerm extractEntry fp/isWeakMap.js
864 silly gunzTarPerm extractEntry fp/mean.js
865 silly gunzTarPerm extractEntry fp/isUndefined.js
866 silly gunzTarPerm extractEntry fp/meanBy.js
867 silly gunzTarPerm extractEntry fp/isTypedArray.js
868 silly gunzTarPerm extractEntry fp/memoize.js
869 silly gunzTarPerm extractEntry fp/isSymbol.js
870 silly gunzTarPerm extractEntry fp/merge.js
871 silly gunzTarPerm extractEntry fp/isString.js
872 silly gunzTarPerm extractEntry fp/mergeAll.js
873 silly gunzTarPerm extractEntry fp/isSet.js
874 silly gunzTarPerm extractEntry fp/mergeAllWith.js
875 silly gunzTarPerm extractEntry fp/isSafeInteger.js
876 silly gunzTarPerm extractEntry fp/mergeWith.js
877 silly gunzTarPerm extractEntry fp/isRegExp.js
878 silly gunzTarPerm extractEntry fp/method.js
879 silly gunzTarPerm extractEntry fp/isPlainObject.js
880 silly gunzTarPerm extractEntry fp/methodOf.js
881 silly gunzTarPerm extractEntry fp/isObjectLike.js
882 silly gunzTarPerm extractEntry fp/min.js
883 silly gunzTarPerm extractEntry fp/isObject.js
884 silly gunzTarPerm extractEntry fp/minBy.js
885 silly gunzTarPerm extractEntry fp/isNumber.js
886 silly gunzTarPerm extractEntry fp/mixin.js
887 silly gunzTarPerm extractEntry fp/isNull.js
888 silly gunzTarPerm extractEntry fp/multiply.js
889 silly gunzTarPerm extractEntry fp/isNil.js
890 silly gunzTarPerm extractEntry fp/nAry.js
891 silly gunzTarPerm extractEntry fp/isNative.js
892 silly gunzTarPerm extractEntry fp/negate.js
893 silly gunzTarPerm extractEntry fp/isNaN.js
894 silly gunzTarPerm extractEntry fp/next.js
895 silly gunzTarPerm extractEntry fp/isMatchWith.js
896 silly gunzTarPerm extractEntry fp/noop.js
897 silly gunzTarPerm extractEntry fp/isMatch.js
898 silly gunzTarPerm extractEntry fp/now.js
899 silly gunzTarPerm extractEntry fp/isMap.js
900 silly gunzTarPerm extractEntry fp/nth.js
901 silly gunzTarPerm extractEntry fp/isLength.js
902 silly gunzTarPerm extractEntry fp/nthArg.js
903 silly gunzTarPerm extractEntry fp/isInteger.js
904 silly gunzTarPerm extractEntry fp/number.js
905 silly gunzTarPerm extractEntry fp/isFunction.js
906 silly gunzTarPerm extractEntry fp/object.js
907 silly gunzTarPerm extractEntry fp/isFinite.js
908 silly gunzTarPerm extractEntry fp/omit.js
909 silly gunzTarPerm extractEntry fp/isError.js
910 silly gunzTarPerm extractEntry fp/omitAll.js
911 silly gunzTarPerm extractEntry fp/isEqualWith.js
912 silly gunzTarPerm extractEntry fp/omitBy.js
913 silly gunzTarPerm extractEntry fp/isEqual.js
914 silly gunzTarPerm extractEntry fp/once.js
915 silly gunzTarPerm extractEntry fp/isEmpty.js
916 silly gunzTarPerm extractEntry fp/orderBy.js
917 silly gunzTarPerm extractEntry fp/isElement.js
918 silly gunzTarPerm extractEntry fp/over.js
919 silly gunzTarPerm extractEntry fp/isDate.js
920 silly gunzTarPerm extractEntry fp/overArgs.js
921 silly gunzTarPerm extractEntry fp/isBuffer.js
922 silly gunzTarPerm extractEntry fp/overEvery.js
923 silly gunzTarPerm extractEntry fp/isBoolean.js
924 silly gunzTarPerm extractEntry fp/overSome.js
925 silly gunzTarPerm extractEntry fp/isArrayLikeObject.js
926 silly gunzTarPerm extractEntry fp/pad.js
927 silly gunzTarPerm extractEntry fp/isArrayLike.js
928 silly gunzTarPerm extractEntry fp/padChars.js
929 silly gunzTarPerm extractEntry fp/isArrayBuffer.js
930 silly gunzTarPerm extractEntry fp/padCharsEnd.js
931 silly gunzTarPerm extractEntry fp/isArray.js
932 silly gunzTarPerm extractEntry fp/padCharsStart.js
933 silly gunzTarPerm extractEntry fp/isArguments.js
934 silly gunzTarPerm extractEntry fp/padEnd.js
935 silly gunzTarPerm extractEntry fp/invokeMap.js
936 silly gunzTarPerm extractEntry fp/padStart.js
937 silly gunzTarPerm extractEntry fp/invokeArgsMap.js
938 silly gunzTarPerm extractEntry fp/parseInt.js
939 silly gunzTarPerm extractEntry fp/invokeArgs.js
940 silly gunzTarPerm extractEntry fp/partial.js
941 silly gunzTarPerm extractEntry fp/invoke.js
942 silly gunzTarPerm extractEntry fp/partialRight.js
943 silly gunzTarPerm extractEntry fp/invertObj.js
944 silly gunzTarPerm extractEntry fp/partition.js
945 silly gunzTarPerm extractEntry fp/invertBy.js
946 silly gunzTarPerm extractEntry fp/path.js
947 silly gunzTarPerm extractEntry fp/invert.js
948 silly gunzTarPerm extractEntry fp/pathEq.js
949 silly gunzTarPerm extractEntry fp/intersectionWith.js
950 silly gunzTarPerm extractEntry fp/pathOr.js
951 silly gunzTarPerm extractEntry fp/intersectionBy.js
952 silly gunzTarPerm extractEntry fp/paths.js
953 silly gunzTarPerm extractEntry fp/intersection.js
954 silly gunzTarPerm extractEntry fp/pick.js
955 silly gunzTarPerm extractEntry fp/initial.js
956 silly gunzTarPerm extractEntry fp/pickAll.js
957 silly gunzTarPerm extractEntry fp/init.js
958 silly gunzTarPerm extractEntry fp/pickBy.js
959 silly gunzTarPerm extractEntry fp/indexOfFrom.js
960 silly gunzTarPerm extractEntry fp/pipe.js
961 silly gunzTarPerm extractEntry fp/indexOf.js
962 silly gunzTarPerm extractEntry fp/placeholder.js
963 silly gunzTarPerm extractEntry fp/indexBy.js
964 silly gunzTarPerm extractEntry fp/plant.js
965 silly gunzTarPerm extractEntry fp/includesFrom.js
966 silly gunzTarPerm extractEntry fp/pluck.js
967 silly gunzTarPerm extractEntry fp/includes.js
968 silly gunzTarPerm extractEntry fp/prop.js
969 silly gunzTarPerm extractEntry fp/inRange.js
970 silly gunzTarPerm extractEntry fp/propEq.js
971 silly gunzTarPerm extractEntry fp/identity.js
972 silly gunzTarPerm extractEntry fp/propOr.js
973 silly gunzTarPerm extractEntry fp/identical.js
974 silly gunzTarPerm extractEntry fp/property.js
975 silly gunzTarPerm extractEntry fp/head.js
976 silly gunzTarPerm extractEntry fp/propertyOf.js
977 silly gunzTarPerm extractEntry fp/hasIn.js
978 silly gunzTarPerm extractEntry fp/props.js
979 silly gunzTarPerm extractEntry fp/has.js
980 silly gunzTarPerm extractEntry fp/pull.js
981 silly gunzTarPerm extractEntry fp/gte.js
982 silly gunzTarPerm extractEntry fp/pullAll.js
983 silly gunzTarPerm extractEntry fp/gt.js
984 silly gunzTarPerm extractEntry fp/pullAllBy.js
985 silly gunzTarPerm extractEntry fp/groupBy.js
986 silly gunzTarPerm extractEntry fp/pullAllWith.js
987 silly gunzTarPerm extractEntry fp/getOr.js
988 silly gunzTarPerm extractEntry fp/pullAt.js
989 silly gunzTarPerm extractEntry fp/get.js
990 silly gunzTarPerm extractEntry fp/random.js
991 silly gunzTarPerm extractEntry fp/functionsIn.js
992 silly gunzTarPerm extractEntry fp/range.js
993 silly gunzTarPerm extractEntry fp/functions.js
994 silly gunzTarPerm extractEntry fp/rangeRight.js
995 silly gunzTarPerm extractEntry fp/function.js
996 silly gunzTarPerm extractEntry fp/rangeStep.js
997 silly gunzTarPerm extractEntry fp/fromPairs.js
998 silly gunzTarPerm extractEntry fp/rangeStepRight.js
999 silly gunzTarPerm extractEntry fp/forOwnRight.js
1000 silly gunzTarPerm extractEntry fp/rearg.js
1001 silly gunzTarPerm extractEntry fp/forOwn.js
1002 silly gunzTarPerm extractEntry fp/reduce.js
1003 silly gunzTarPerm extractEntry fp/forInRight.js
1004 silly gunzTarPerm extractEntry fp/reduceRight.js
1005 silly gunzTarPerm extractEntry fp/forIn.js
1006 silly gunzTarPerm extractEntry fp/reject.js
1007 silly gunzTarPerm extractEntry fp/forEachRight.js
1008 silly gunzTarPerm extractEntry fp/remove.js
1009 silly gunzTarPerm extractEntry fp/forEach.js
1010 silly gunzTarPerm extractEntry fp/repeat.js
1011 silly gunzTarPerm extractEntry fp/flowRight.js
1012 silly gunzTarPerm extractEntry fp/replace.js
1013 silly gunzTarPerm extractEntry fp/flow.js
1014 silly gunzTarPerm extractEntry fp/rest.js
1015 silly gunzTarPerm extractEntry fp/floor.js
1016 silly gunzTarPerm extractEntry fp/restFrom.js
1017 silly gunzTarPerm extractEntry fp/flip.js
1018 silly gunzTarPerm extractEntry fp/result.js
1019 silly gunzTarPerm extractEntry fp/flattenDepth.js
1020 silly gunzTarPerm extractEntry fp/reverse.js
1021 silly gunzTarPerm extractEntry fp/flattenDeep.js
1022 silly gunzTarPerm extractEntry fp/round.js
1023 silly gunzTarPerm extractEntry fp/flatten.js
1024 silly gunzTarPerm extractEntry fp/sample.js
1025 silly gunzTarPerm extractEntry fp/flatMapDepth.js
1026 silly gunzTarPerm extractEntry fp/sampleSize.js
1027 silly gunzTarPerm extractEntry fp/flatMapDeep.js
1028 silly gunzTarPerm extractEntry fp/seq.js
1029 silly gunzTarPerm extractEntry fp/flatMap.js
1030 silly gunzTarPerm extractEntry fp/set.js
1031 silly gunzTarPerm extractEntry fp/first.js
1032 silly gunzTarPerm extractEntry fp/setWith.js
1033 silly gunzTarPerm extractEntry fp/findLastKey.js
1034 silly gunzTarPerm extractEntry fp/shuffle.js
1035 silly gunzTarPerm extractEntry fp/findLastIndexFrom.js
1036 silly gunzTarPerm extractEntry fp/size.js
1037 silly gunzTarPerm extractEntry fp/findLastIndex.js
1038 silly gunzTarPerm extractEntry fp/slice.js
1039 silly gunzTarPerm extractEntry fp/findLastFrom.js
1040 silly gunzTarPerm extractEntry fp/snakeCase.js
1041 silly gunzTarPerm extractEntry fp/findLast.js
1042 silly gunzTarPerm extractEntry fp/some.js
1043 silly gunzTarPerm extractEntry fp/findKey.js
1044 silly gunzTarPerm extractEntry fp/sortBy.js
1045 silly gunzTarPerm extractEntry fp/findIndexFrom.js
1046 silly gunzTarPerm extractEntry fp/sortedIndex.js
1047 silly gunzTarPerm extractEntry fp/findIndex.js
1048 silly gunzTarPerm extractEntry fp/sortedIndexBy.js
1049 silly gunzTarPerm extractEntry fp/findFrom.js
1050 silly gunzTarPerm extractEntry fp/sortedIndexOf.js
1051 silly gunzTarPerm extractEntry fp/find.js
1052 silly gunzTarPerm extractEntry fp/sortedLastIndex.js
1053 silly gunzTarPerm extractEntry fp/filter.js
1054 silly gunzTarPerm extractEntry fp/sortedLastIndexBy.js
1055 silly gunzTarPerm extractEntry fp/fill.js
1056 silly gunzTarPerm extractEntry fp/sortedLastIndexOf.js
1057 silly gunzTarPerm extractEntry fp/extendWith.js
1058 silly gunzTarPerm extractEntry fp/sortedUniq.js
1059 silly gunzTarPerm extractEntry fp/extendAllWith.js
1060 silly gunzTarPerm extractEntry fp/sortedUniqBy.js
1061 silly gunzTarPerm extractEntry fp/extendAll.js
1062 silly gunzTarPerm extractEntry fp/split.js
1063 silly gunzTarPerm extractEntry fp/extend.js
1064 silly gunzTarPerm extractEntry fp/spread.js
1065 silly gunzTarPerm extractEntry fp/every.js
1066 silly gunzTarPerm extractEntry fp/spreadFrom.js
1067 silly gunzTarPerm extractEntry fp/escapeRegExp.js
1068 silly gunzTarPerm extractEntry fp/startCase.js
1069 silly gunzTarPerm extractEntry fp/escape.js
1070 silly gunzTarPerm extractEntry fp/startsWith.js
1071 silly gunzTarPerm extractEntry fp/equals.js
1072 silly gunzTarPerm extractEntry fp/string.js
1073 silly gunzTarPerm extractEntry fp/eq.js
1074 silly gunzTarPerm extractEntry fp/stubArray.js
1075 silly gunzTarPerm extractEntry fp/entriesIn.js
1076 silly gunzTarPerm extractEntry fp/stubFalse.js
1077 silly gunzTarPerm extractEntry fp/entries.js
1078 silly gunzTarPerm extractEntry fp/stubObject.js
1079 silly gunzTarPerm extractEntry fp/endsWith.js
1080 silly gunzTarPerm extractEntry fp/stubString.js
1081 silly gunzTarPerm extractEntry fp/eachRight.js
1082 silly gunzTarPerm extractEntry fp/stubTrue.js
1083 silly gunzTarPerm extractEntry fp/each.js
1084 silly gunzTarPerm extractEntry fp/subtract.js
1085 silly gunzTarPerm extractEntry fp/dropWhile.js
1086 silly gunzTarPerm extractEntry fp/sum.js
1087 silly gunzTarPerm extractEntry fp/dropRightWhile.js
1088 silly gunzTarPerm extractEntry fp/sumBy.js
1089 silly gunzTarPerm extractEntry fp/dropRight.js
1090 silly gunzTarPerm extractEntry fp/symmetricDifference.js
1091 silly gunzTarPerm extractEntry fp/dropLastWhile.js
1092 silly gunzTarPerm extractEntry fp/symmetricDifferenceBy.js
1093 silly gunzTarPerm extractEntry fp/dropLast.js
1094 silly gunzTarPerm extractEntry fp/symmetricDifferenceWith.js
1095 silly gunzTarPerm extractEntry fp/drop.js
1096 silly gunzTarPerm extractEntry fp/tail.js
1097 silly gunzTarPerm extractEntry fp/divide.js
1098 silly gunzTarPerm extractEntry fp/take.js
1099 silly gunzTarPerm extractEntry fp/dissocPath.js
1100 silly gunzTarPerm extractEntry fp/takeLast.js
1101 silly gunzTarPerm extractEntry fp/dissoc.js
1102 silly gunzTarPerm extractEntry fp/takeLastWhile.js
1103 silly gunzTarPerm extractEntry fp/differenceWith.js
1104 silly gunzTarPerm extractEntry fp/takeRight.js
1105 silly gunzTarPerm extractEntry fp/differenceBy.js
1106 silly gunzTarPerm extractEntry fp/takeRightWhile.js
1107 silly gunzTarPerm extractEntry fp/difference.js
1108 silly gunzTarPerm extractEntry fp/takeWhile.js
1109 silly gunzTarPerm extractEntry fp/delay.js
1110 silly gunzTarPerm extractEntry fp/tap.js
1111 silly gunzTarPerm extractEntry fp/defer.js
1112 silly gunzTarPerm extractEntry fp/template.js
1113 silly gunzTarPerm extractEntry fp/defaultsDeepAll.js
1114 silly gunzTarPerm extractEntry fp/templateSettings.js
1115 silly gunzTarPerm extractEntry fp/defaultsDeep.js
1116 silly gunzTarPerm extractEntry fp/throttle.js
1117 silly gunzTarPerm extractEntry fp/defaultsAll.js
1118 silly gunzTarPerm extractEntry fp/thru.js
1119 silly gunzTarPerm extractEntry fp/defaults.js
1120 silly gunzTarPerm extractEntry fp/times.js
1121 silly gunzTarPerm extractEntry fp/defaultTo.js
1122 silly gunzTarPerm extractEntry fp/toArray.js
1123 silly gunzTarPerm extractEntry fp/deburr.js
1124 silly gunzTarPerm extractEntry fp/toFinite.js
1125 silly gunzTarPerm extractEntry fp/debounce.js
1126 silly gunzTarPerm extractEntry fp/toInteger.js
1127 silly gunzTarPerm extractEntry fp/date.js
1128 silly gunzTarPerm extractEntry fp/toIterator.js
1129 silly gunzTarPerm extractEntry fp/curryRightN.js
1130 silly gunzTarPerm extractEntry fp/toJSON.js
1131 silly gunzTarPerm extractEntry fp/curryRight.js
1132 silly gunzTarPerm extractEntry fp/toLength.js
1133 silly gunzTarPerm extractEntry fp/curryN.js
1134 silly gunzTarPerm extractEntry fp/toLower.js
1135 silly gunzTarPerm extractEntry fp/curry.js
1136 silly gunzTarPerm extractEntry fp/toNumber.js
1137 silly gunzTarPerm extractEntry fp/create.js
1138 silly gunzTarPerm extractEntry fp/toPairs.js
1139 silly gunzTarPerm extractEntry fp/countBy.js
1140 silly gunzTarPerm extractEntry fp/toPairsIn.js
1141 silly gunzTarPerm extractEntry fp/convert.js
1142 silly gunzTarPerm extractEntry fp/toPath.js
1143 silly gunzTarPerm extractEntry fp/contains.js
1144 silly gunzTarPerm extractEntry fp/toPlainObject.js
1145 silly gunzTarPerm extractEntry fp/constant.js
1146 silly gunzTarPerm extractEntry fp/toSafeInteger.js
1147 silly gunzTarPerm extractEntry fp/conformsTo.js
1148 silly gunzTarPerm extractEntry fp/toString.js
1149 silly gunzTarPerm extractEntry fp/conforms.js
1150 silly gunzTarPerm extractEntry fp/toUpper.js
1151 silly gunzTarPerm extractEntry fp/cond.js
1152 silly gunzTarPerm extractEntry fp/transform.js
1153 silly gunzTarPerm extractEntry fp/concat.js
1154 silly gunzTarPerm extractEntry fp/trim.js
1155 silly gunzTarPerm extractEntry fp/compose.js
1156 silly gunzTarPerm extractEntry fp/trimChars.js
1157 silly gunzTarPerm extractEntry fp/complement.js
1158 silly gunzTarPerm extractEntry fp/trimCharsEnd.js
1159 silly gunzTarPerm extractEntry fp/compact.js
1160 silly gunzTarPerm extractEntry fp/trimCharsStart.js
1161 silly gunzTarPerm extractEntry fp/commit.js
1162 silly gunzTarPerm extractEntry fp/trimEnd.js
1163 silly gunzTarPerm extractEntry fp/collection.js
1164 silly gunzTarPerm extractEntry fp/trimStart.js
1165 silly gunzTarPerm extractEntry fp/cloneWith.js
1166 silly gunzTarPerm extractEntry fp/truncate.js
1167 silly gunzTarPerm extractEntry fp/cloneDeepWith.js
1168 silly gunzTarPerm extractEntry fp/unapply.js
1169 silly gunzTarPerm extractEntry fp/cloneDeep.js
1170 silly gunzTarPerm extractEntry fp/unary.js
1171 silly gunzTarPerm extractEntry fp/clone.js
1172 silly gunzTarPerm extractEntry fp/unescape.js
1173 silly gunzTarPerm extractEntry fp/clamp.js
1174 silly gunzTarPerm extractEntry fp/union.js
1175 silly gunzTarPerm extractEntry fp/chunk.js
1176 silly gunzTarPerm extractEntry fp/unionBy.js
1177 silly gunzTarPerm extractEntry fp/chain.js
1178 silly gunzTarPerm extractEntry fp/unionWith.js
1179 silly gunzTarPerm extractEntry fp/ceil.js
1180 silly gunzTarPerm extractEntry fp/uniq.js
1181 silly gunzTarPerm extractEntry fp/castArray.js
1182 silly gunzTarPerm extractEntry fp/uniqBy.js
1183 silly gunzTarPerm extractEntry fp/capitalize.js
1184 silly gunzTarPerm extractEntry fp/uniqWith.js
1185 silly gunzTarPerm extractEntry fp/camelCase.js
1186 silly gunzTarPerm extractEntry fp/uniqueId.js
1187 silly gunzTarPerm extractEntry fp/bindKey.js
1188 silly gunzTarPerm extractEntry fp/unnest.js
1189 silly gunzTarPerm extractEntry fp/bindAll.js
1190 silly gunzTarPerm extractEntry fp/unset.js
1191 silly gunzTarPerm extractEntry fp/bind.js
1192 silly gunzTarPerm extractEntry fp/unzip.js
1193 silly gunzTarPerm extractEntry fp/before.js
1194 silly gunzTarPerm extractEntry fp/unzipWith.js
1195 silly gunzTarPerm extractEntry fp/attempt.js
1196 silly gunzTarPerm extractEntry fp/update.js
1197 silly gunzTarPerm extractEntry fp/at.js
1198 silly gunzTarPerm extractEntry fp/updateWith.js
1199 silly gunzTarPerm extractEntry fp/assocPath.js
1200 silly gunzTarPerm extractEntry fp/upperCase.js
1201 silly gunzTarPerm extractEntry fp/assoc.js
1202 silly gunzTarPerm extractEntry fp/upperFirst.js
1203 silly gunzTarPerm extractEntry fp/assignWith.js
1204 silly gunzTarPerm extractEntry fp/useWith.js
1205 silly gunzTarPerm extractEntry fp/assignInWith.js
1206 silly gunzTarPerm extractEntry fp/util.js
1207 silly gunzTarPerm extractEntry fp/assignInAllWith.js
1208 silly gunzTarPerm extractEntry fp/value.js
1209 silly gunzTarPerm extractEntry fp/assignInAll.js
1210 silly gunzTarPerm extractEntry fp/valueOf.js
1211 silly gunzTarPerm extractEntry fp/assignIn.js
1212 silly gunzTarPerm extractEntry fp/values.js
1213 silly gunzTarPerm extractEntry fp/assignAllWith.js
1214 silly gunzTarPerm extractEntry fp/valuesIn.js
1215 silly gunzTarPerm extractEntry fp/assignAll.js
1216 silly gunzTarPerm extractEntry fp/where.js
1217 silly gunzTarPerm extractEntry fp/assign.js
1218 silly gunzTarPerm extractEntry fp/whereEq.js
1219 silly gunzTarPerm extractEntry fp/ary.js
1220 silly gunzTarPerm extractEntry fp/without.js
1221 silly gunzTarPerm extractEntry fp/array.js
1222 silly gunzTarPerm extractEntry fp/words.js
1223 silly gunzTarPerm extractEntry fp/apply.js
1224 silly gunzTarPerm extractEntry fp/wrap.js
1225 silly gunzTarPerm extractEntry fp/anyPass.js
1226 silly gunzTarPerm extractEntry fp/wrapperAt.js
1227 silly gunzTarPerm extractEntry fp/any.js
1228 silly gunzTarPerm extractEntry fp/wrapperChain.js
1229 silly gunzTarPerm extractEntry fp/always.js
1230 silly gunzTarPerm extractEntry fp/wrapperLodash.js
1231 silly gunzTarPerm extractEntry fp/allPass.js
1232 silly gunzTarPerm extractEntry fp/wrapperReverse.js
1233 silly gunzTarPerm extractEntry fp/all.js
1234 silly gunzTarPerm extractEntry fp/wrapperValue.js
1235 silly gunzTarPerm extractEntry fp/after.js
1236 silly gunzTarPerm extractEntry fp/xor.js
1237 silly gunzTarPerm extractEntry fp/add.js
1238 silly gunzTarPerm extractEntry fp/xorBy.js
1239 silly gunzTarPerm extractEntry fp/_util.js
1240 silly gunzTarPerm extractEntry fp/xorWith.js
1241 silly gunzTarPerm extractEntry fp/_mapping.js
1242 silly gunzTarPerm extractEntry fp/zip.js
1243 silly gunzTarPerm extractEntry fp/_falseOptions.js
1244 silly gunzTarPerm extractEntry fp/zipAll.js
1245 silly gunzTarPerm extractEntry fp/_convertBrowser.js
1246 silly gunzTarPerm extractEntry fp/zipObj.js
1247 silly gunzTarPerm extractEntry fp/_baseConvert.js
1248 silly gunzTarPerm extractEntry fp/zipObject.js
1249 silly gunzTarPerm extractEntry fp/__.js
1250 silly gunzTarPerm extractEntry fp/zipObjectDeep.js
1251 silly gunzTarPerm extractEntry fp/T.js
1252 silly gunzTarPerm extractEntry fp/zipWith.js
1253 silly gunzTarPerm extractEntry fp/lastIndexOfFrom.js
1254 error tar.unpack untar error /Users/hudaswanditya/.npm/lodash/4.17.4/package.tgz
1255 verbose unlock done using /Users/hudaswanditya/.npm/_locks/staging-0706e3ce9fbbff87.lock for /Users/hudaswanditya/Desktop/Bachelor Arbeit/Scrum-Backlog/scrum-backlog-visualization/node_modules/.staging
1256 silly rollbackFailedOptional Starting
1257 silly rollbackFailedOptional Finishing
1258 silly runTopLevelLifecycles Finishing
1259 silly install printInstalled
1260 verbose stack Error: ENOSPC: no space left on device, open '/Users/hudaswanditya/Desktop/Bachelor Arbeit/Scrum-Backlog/scrum-backlog-visualization/node_modules/.staging/lodash-47a3427b/valuesIn.js'
1260 verbose stack     at Error (native)
1261 verbose cwd /Users/hudaswanditya/Desktop/Bachelor Arbeit/Scrum-Backlog/scrum-backlog-visualization
1262 error Darwin 16.5.0
1263 error argv "/usr/local/bin/node" "/usr/local/bin/npm" "install" "ruby"
1264 error node v6.11.0
1265 error npm  v3.10.10
1266 error path /Users/hudaswanditya/Desktop/Bachelor Arbeit/Scrum-Backlog/scrum-backlog-visualization/node_modules/.staging/lodash-47a3427b/valuesIn.js
1267 error code ENOSPC
1268 error errno -28
1269 error syscall open
1270 error nospc ENOSPC: no space left on device, open '/Users/hudaswanditya/Desktop/Bachelor Arbeit/Scrum-Backlog/scrum-backlog-visualization/node_modules/.staging/lodash-47a3427b/valuesIn.js'
1271 error nospc This is most likely not a problem with npm itself
1271 error nospc and is related to insufficient space on your system.
1272 verbose exit [ -28, true ]
